#
# There is insufficient memory for the Java Runtime Environment to continue.
# Native memory allocation (malloc) failed to allocate 772816 bytes for Chunk::new
# Possible reasons:
#   The system is out of physical RAM or swap space
#   The process is running with CompressedOops enabled, and the Java Heap may be blocking the growth of the native heap
# Possible solutions:
#   Reduce memory load on the system
#   Increase physical memory or swap space
#   Check if swap backing store is full
#   Decrease Java heap size (-Xmx/-Xms)
#   Decrease number of Java threads
#   Decrease Java thread stack sizes (-Xss)
#   Set larger code cache with -XX:ReservedCodeCacheSize=
#   JVM is running with Unscaled Compressed Oops mode in which the Java heap is
#     placed in the first 4GB address space. The Java Heap base address is the
#     maximum limit for the native heap growth. Please use -XX:HeapBaseMinAddress
#     to set the Java Heap base and to place the Java Heap above 4GB virtual address.
# This output file may be truncated or incomplete.
#
#  Out of Memory Error (./src/hotspot/share/memory/arena.cpp:197), pid=12440, tid=13180
#
# JRE version: OpenJDK Runtime Environment (11.0.10) (build 11.0.10+0-b96-7249189)
# Java VM: OpenJDK 64-Bit Server VM (11.0.10+0-b96-7249189, mixed mode, tiered, compressed oops, g1 gc, windows-amd64)
# No core dump will be written. Minidumps are not enabled by default on client versions of Windows
#

---------------  S U M M A R Y ------------

Command Line: --add-opens=java.base/java.util=ALL-UNNAMED --add-opens=java.base/java.lang=ALL-UNNAMED --add-opens=java.base/java.lang.invoke=ALL-UNNAMED --add-opens=java.base/java.util=ALL-UNNAMED --add-opens=java.prefs/java.util.prefs=ALL-UNNAMED --add-opens=java.prefs/java.util.prefs=ALL-UNNAMED --add-opens=java.base/java.nio.charset=ALL-UNNAMED --add-opens=java.base/java.net=ALL-UNNAMED --add-opens=java.base/java.util.concurrent.atomic=ALL-UNNAMED -Xmx2048m -Dfile.encoding=UTF-8 -Duser.country=US -Duser.language=en -Duser.variant org.gradle.launcher.daemon.bootstrap.GradleDaemon 7.0.2

Host: Intel(R) Core(TM) i5-8250U CPU @ 1.60GHz, 8 cores, 3G,  Windows 10 , 64 bit Build 19041 (10.0.19041.1348)
Time: Wed Feb  2 19:48:30 2022 Jerusalem Standard Time elapsed time: 824.206794 seconds (0d 0h 13m 44s)

---------------  T H R E A D  ---------------

Current thread (0x0000029c3b4e9800):  JavaThread "C2 CompilerThread0" daemon [_thread_in_native, id=13180, stack(0x000000e024d00000,0x000000e024e00000)]


Current CompileTask:
C2: 824207 11518       4       java.lang.Class::getMethod (59 bytes)

Stack: [0x000000e024d00000,0x000000e024e00000]
Native frames: (J=compiled Java code, j=interpreted, Vv=VM code, C=native code)
V  [jvm.dll+0x5ecfaa]
V  [jvm.dll+0x722bd5]
V  [jvm.dll+0x72412d]
V  [jvm.dll+0x7247e3]
V  [jvm.dll+0x242928]
V  [jvm.dll+0xbc4fc]
V  [jvm.dll+0xbca0c]
V  [jvm.dll+0x352d7d]
V  [jvm.dll+0x320ad3]
V  [jvm.dll+0x31ffca]
V  [jvm.dll+0x1fb602]
V  [jvm.dll+0x1fa7f4]
V  [jvm.dll+0x18354c]
V  [jvm.dll+0x208ee7]
V  [jvm.dll+0x207731]
V  [jvm.dll+0x6eb1cf]
V  [jvm.dll+0x6e3d45]
V  [jvm.dll+0x5ebe96]
C  [ucrtbase.dll+0x21bb2]
C  [KERNEL32.DLL+0x17034]
C  [ntdll.dll+0x52651]


---------------  P R O C E S S  ---------------

Threads class SMR info:
_java_thread_list=0x0000029c414cd1c0, length=39, elements={
0x0000029c21092000, 0x0000029c3b4c0800, 0x0000029c3b4c5800, 0x0000029c3b4db800,
0x0000029c3b4dd800, 0x0000029c3b4e0800, 0x0000029c3b4e9800, 0x0000029c3b4f0000,
0x0000029c3b500800, 0x0000029c3bfa0000, 0x0000029c3cee0800, 0x0000029c3ef57800,
0x0000029c3d042000, 0x0000029c3f8da000, 0x0000029c3f8d8800, 0x0000029c3f8dc800,
0x0000029c3f8d6800, 0x0000029c3f8db800, 0x0000029c3f8dd000, 0x0000029c3f745000,
0x0000029c3f74b000, 0x0000029c3f748800, 0x0000029c3f746800, 0x0000029c3f749000,
0x0000029c3f74a000, 0x0000029c3f74b800, 0x0000029c3f752000, 0x0000029c3f74f000,
0x0000029c3d192800, 0x0000029c3d18c800, 0x0000029c3d191000, 0x0000029c3d18f000,
0x0000029c3d18d800, 0x0000029c3d190000, 0x0000029c3d191800, 0x0000029c3d18c000,
0x0000029c3d199000, 0x0000029c3d198000, 0x0000029c3d195000
}

Java Threads: ( => current thread )
  0x0000029c21092000 JavaThread "main" [_thread_blocked, id=10424, stack(0x000000e024100000,0x000000e024200000)]
  0x0000029c3b4c0800 JavaThread "Reference Handler" daemon [_thread_blocked, id=1744, stack(0x000000e024800000,0x000000e024900000)]
  0x0000029c3b4c5800 JavaThread "Finalizer" daemon [_thread_blocked, id=6132, stack(0x000000e024900000,0x000000e024a00000)]
  0x0000029c3b4db800 JavaThread "Signal Dispatcher" daemon [_thread_blocked, id=8764, stack(0x000000e024a00000,0x000000e024b00000)]
  0x0000029c3b4dd800 JavaThread "Attach Listener" daemon [_thread_blocked, id=6728, stack(0x000000e024b00000,0x000000e024c00000)]
  0x0000029c3b4e0800 JavaThread "Service Thread" daemon [_thread_blocked, id=5220, stack(0x000000e024c00000,0x000000e024d00000)]
=>0x0000029c3b4e9800 JavaThread "C2 CompilerThread0" daemon [_thread_in_native, id=13180, stack(0x000000e024d00000,0x000000e024e00000)]
  0x0000029c3b4f0000 JavaThread "C1 CompilerThread0" daemon [_thread_blocked, id=10764, stack(0x000000e024e00000,0x000000e024f00000)]
  0x0000029c3b500800 JavaThread "Sweeper thread" daemon [_thread_blocked, id=5800, stack(0x000000e024f00000,0x000000e025000000)]
  0x0000029c3bfa0000 JavaThread "Common-Cleaner" daemon [_thread_blocked, id=8952, stack(0x000000e025000000,0x000000e025100000)]
  0x0000029c3cee0800 JavaThread "Daemon health stats" [_thread_blocked, id=2560, stack(0x000000e025300000,0x000000e025400000)]
  0x0000029c3ef57800 JavaThread "Incoming local TCP Connector on port 55019" [_thread_in_native, id=8748, stack(0x000000e025600000,0x000000e025700000)]
  0x0000029c3d042000 JavaThread "Daemon periodic checks" [_thread_blocked, id=9064, stack(0x000000e025700000,0x000000e025800000)]
  0x0000029c3f8da000 JavaThread "Cache worker for file hash cache (C:\Users\vikvi\.gradle\caches\7.0.2\fileHashes)" [_thread_blocked, id=12968, stack(0x000000e026300000,0x000000e026400000)]
  0x0000029c3f8d8800 JavaThread "File lock request listener" [_thread_in_native, id=8188, stack(0x000000e026400000,0x000000e026500000)]
  0x0000029c3f8dc800 JavaThread "Cache worker for journal cache (C:\Users\vikvi\.gradle\caches\journal-1)" [_thread_blocked, id=6840, stack(0x000000e026600000,0x000000e026700000)]
  0x0000029c3f8d6800 JavaThread "File watcher server" daemon [_thread_in_native, id=9616, stack(0x000000e026800000,0x000000e026900000)]
  0x0000029c3f8db800 JavaThread "File watcher consumer" daemon [_thread_blocked, id=7992, stack(0x000000e026900000,0x000000e026a00000)]
  0x0000029c3f8dd000 JavaThread "jar transforms" [_thread_blocked, id=6416, stack(0x000000e026b00000,0x000000e026c00000)]
  0x0000029c3f745000 JavaThread "jar transforms Thread 2" [_thread_blocked, id=7432, stack(0x000000e026c00000,0x000000e026d00000)]
  0x0000029c3f74b000 JavaThread "jar transforms Thread 3" [_thread_blocked, id=11852, stack(0x000000e026d00000,0x000000e026e00000)]
  0x0000029c3f748800 JavaThread "jar transforms Thread 4" [_thread_blocked, id=1232, stack(0x000000e026e00000,0x000000e026f00000)]
  0x0000029c3f746800 JavaThread "jar transforms Thread 5" [_thread_blocked, id=6932, stack(0x000000e026f00000,0x000000e027000000)]
  0x0000029c3f749000 JavaThread "jar transforms Thread 6" [_thread_blocked, id=6920, stack(0x000000e027000000,0x000000e027100000)]
  0x0000029c3f74a000 JavaThread "jar transforms Thread 7" [_thread_blocked, id=6916, stack(0x000000e027100000,0x000000e027200000)]
  0x0000029c3f74b800 JavaThread "jar transforms Thread 8" [_thread_blocked, id=12680, stack(0x000000e027200000,0x000000e027300000)]
  0x0000029c3f752000 JavaThread "Cache worker for execution history cache (C:\Users\vikvi\.gradle\caches\7.0.2\executionHistory)" [_thread_blocked, id=7360, stack(0x000000e027600000,0x000000e027700000)]
  0x0000029c3f74f000 JavaThread "Cache worker for file content cache (C:\Users\vikvi\.gradle\caches\7.0.2\fileContent)" [_thread_blocked, id=10096, stack(0x000000e027700000,0x000000e027800000)]
  0x0000029c3d192800 JavaThread "Memory manager" [_thread_blocked, id=7480, stack(0x000000e028200000,0x000000e028300000)]
  0x0000029c3d18c800 JavaThread "Daemon Thread 2" [_thread_blocked, id=9896, stack(0x000000e023e00000,0x000000e023f00000)]
  0x0000029c3d191000 JavaThread "Handler for socket connection from /127.0.0.1:55019 to /127.0.0.1:56363" [_thread_in_native, id=11052, stack(0x000000e023f00000,0x000000e024000000)]
  0x0000029c3d18f000 JavaThread "Cancel handler" [_thread_blocked, id=10660, stack(0x000000e024000000,0x000000e024100000)]
  0x0000029c3d18d800 JavaThread "Daemon worker Thread 2" [_thread_in_Java, id=7116, stack(0x000000e025800000,0x000000e025900000)]
  0x0000029c3d190000 JavaThread "Asynchronous log dispatcher for DefaultDaemonConnection: socket connection from /127.0.0.1:55019 to /127.0.0.1:56363" [_thread_blocked, id=9980, stack(0x000000e025b00000,0x000000e025c00000)]
  0x0000029c3d191800 JavaThread "Daemon client event forwarder" [_thread_blocked, id=10016, stack(0x000000e025d00000,0x000000e025e00000)]
  0x0000029c3d18c000 JavaThread "Cache worker for file hash cache (C:\Users\vikvi\AndroidStudioProjects\AuthApp\.gradle\7.0.2\fileHashes)" [_thread_blocked, id=9252, stack(0x000000e026700000,0x000000e026800000)]
  0x0000029c3d199000 JavaThread "Cache worker for checksums cache (C:\Users\vikvi\AndroidStudioProjects\AuthApp\.gradle\checksums)" [_thread_blocked, id=1388, stack(0x000000e025e00000,0x000000e025f00000)]
  0x0000029c3d198000 JavaThread "Cache worker for cache directory md-supplier (C:\Users\vikvi\.gradle\caches\7.0.2\md-supplier)" [_thread_blocked, id=3748, stack(0x000000e026a00000,0x000000e026b00000)]
  0x0000029c3d195000 JavaThread "Cache worker for cache directory md-rule (C:\Users\vikvi\.gradle\caches\7.0.2\md-rule)" [_thread_blocked, id=10076, stack(0x000000e027300000,0x000000e027400000)]

Other Threads:
  0x0000029c3b4bc000 VMThread "VM Thread" [stack: 0x000000e024700000,0x000000e024800000] [id=7476]
  0x0000029c3bfb7000 WatcherThread [stack: 0x000000e025100000,0x000000e025200000] [id=5572]
  0x0000029c210ad000 GCTaskThread "GC Thread#0" [stack: 0x000000e024200000,0x000000e024300000] [id=8488]
  0x0000029c3cae8000 GCTaskThread "GC Thread#1" [stack: 0x000000e025200000,0x000000e025300000] [id=8636]
  0x0000029c3ee64000 GCTaskThread "GC Thread#2" [stack: 0x000000e025400000,0x000000e025500000] [id=12608]
  0x0000029c3cde8000 GCTaskThread "GC Thread#3" [stack: 0x000000e025500000,0x000000e025600000] [id=3996]
  0x0000029c3f87a800 GCTaskThread "GC Thread#4" [stack: 0x000000e025f00000,0x000000e026000000] [id=6772]
  0x0000029c3f92c800 GCTaskThread "GC Thread#5" [stack: 0x000000e026000000,0x000000e026100000] [id=7368]
  0x0000029c3f7a1800 GCTaskThread "GC Thread#6" [stack: 0x000000e026100000,0x000000e026200000] [id=13256]
  0x0000029c3f714800 GCTaskThread "GC Thread#7" [stack: 0x000000e026200000,0x000000e026300000] [id=5552]
  0x0000029c210e0000 ConcurrentGCThread "G1 Main Marker" [stack: 0x000000e024300000,0x000000e024400000] [id=908]
  0x0000029c210e1000 ConcurrentGCThread "G1 Conc#0" [stack: 0x000000e024400000,0x000000e024500000] [id=3760]
  0x0000029c3fd04800 ConcurrentGCThread "G1 Conc#1" [stack: 0x000000e026500000,0x000000e026600000] [id=1400]
  0x0000029c2114c800 ConcurrentGCThread "G1 Refine#0" [stack: 0x000000e024500000,0x000000e024600000] [id=7604]
  0x0000029c2114e000 ConcurrentGCThread "G1 Young RemSet Sampling" [stack: 0x000000e024600000,0x000000e024700000] [id=8716]

Threads with active compile tasks:
C2 CompilerThread0 826125 11518       4       java.lang.Class::getMethod (59 bytes)

VM state:not at safepoint (normal execution)

VM Mutex/Monitor currently owned by a thread: None

Heap address: 0x0000000080000000, size: 2048 MB, Compressed Oops mode: 32-bit
Narrow klass base: 0x0000000000000000, Narrow klass shift: 3
Compressed class space size: 1073741824 Address: 0x0000000100000000

Heap:
 garbage-first heap   total 218112K, used 108189K [0x0000000080000000, 0x0000000100000000)
  region size 1024K, 5 young (5120K), 2 survivors (2048K)
 Metaspace       used 100896K, capacity 103604K, committed 104568K, reserved 1140736K
  class space    used 12949K, capacity 13946K, committed 14284K, reserved 1048576K
Heap Regions: E=young(eden), S=young(survivor), O=old, HS=humongous(starts), HC=humongous(continues), CS=collection set, F=free, A=archive, TAMS=top-at-mark-start (previous, next)
|   0|0x0000000080000000, 0x0000000080100000, 0x0000000080100000|100%| O|  |TAMS 0x0000000080100000, 0x0000000080000000| Updating 
|   1|0x0000000080100000, 0x0000000080200000, 0x0000000080200000|100%| O|  |TAMS 0x0000000080200000, 0x0000000080100000| Updating 
|   2|0x0000000080200000, 0x0000000080300000, 0x0000000080300000|100%| O|  |TAMS 0x0000000080300000, 0x0000000080200000| Updating 
|   3|0x0000000080300000, 0x0000000080400000, 0x0000000080400000|100%|HS|  |TAMS 0x0000000080400000, 0x0000000080300000| Complete 
|   4|0x0000000080400000, 0x0000000080500000, 0x0000000080500000|100%|HC|  |TAMS 0x0000000080500000, 0x0000000080400000| Complete 
|   5|0x0000000080500000, 0x0000000080600000, 0x0000000080600000|100%|HC|  |TAMS 0x0000000080600000, 0x0000000080500000| Complete 
|   6|0x0000000080600000, 0x0000000080700000, 0x0000000080700000|100%| O|  |TAMS 0x0000000080700000, 0x0000000080600000| Updating 
|   7|0x0000000080700000, 0x0000000080800000, 0x0000000080800000|100%| O|  |TAMS 0x0000000080800000, 0x0000000080700000| Updating 
|   8|0x0000000080800000, 0x0000000080900000, 0x0000000080900000|100%| O|  |TAMS 0x0000000080900000, 0x0000000080800000| Updating 
|   9|0x0000000080900000, 0x0000000080a00000, 0x0000000080a00000|100%| O|  |TAMS 0x0000000080a00000, 0x0000000080900000| Updating 
|  10|0x0000000080a00000, 0x0000000080b00000, 0x0000000080b00000|100%| O|  |TAMS 0x0000000080b00000, 0x0000000080a00000| Updating 
|  11|0x0000000080b00000, 0x0000000080c00000, 0x0000000080c00000|100%| O|  |TAMS 0x0000000080c00000, 0x0000000080b00000| Updating 
|  12|0x0000000080c00000, 0x0000000080d00000, 0x0000000080d00000|100%| O|  |TAMS 0x0000000080d00000, 0x0000000080c00000| Updating 
|  13|0x0000000080d00000, 0x0000000080e00000, 0x0000000080e00000|100%| O|  |TAMS 0x0000000080e00000, 0x0000000080d00000| Updating 
|  14|0x0000000080e00000, 0x0000000080f00000, 0x0000000080f00000|100%| O|  |TAMS 0x0000000080f00000, 0x0000000080e00000| Updating 
|  15|0x0000000080f00000, 0x0000000081000000, 0x0000000081000000|100%|HS|  |TAMS 0x0000000081000000, 0x0000000080f00000| Complete 
|  16|0x0000000081000000, 0x0000000081100000, 0x0000000081100000|100%|HC|  |TAMS 0x0000000081100000, 0x0000000081000000| Complete 
|  17|0x0000000081100000, 0x0000000081200000, 0x0000000081200000|100%| O|  |TAMS 0x0000000081200000, 0x0000000081100000| Updating 
|  18|0x0000000081200000, 0x0000000081300000, 0x0000000081300000|100%| O|  |TAMS 0x0000000081300000, 0x0000000081200000| Updating 
|  19|0x0000000081300000, 0x0000000081400000, 0x0000000081400000|100%|HS|  |TAMS 0x0000000081400000, 0x0000000081300000| Complete 
|  20|0x0000000081400000, 0x0000000081500000, 0x0000000081500000|100%|HC|  |TAMS 0x0000000081500000, 0x0000000081400000| Complete 
|  21|0x0000000081500000, 0x0000000081600000, 0x0000000081600000|100%|HC|  |TAMS 0x0000000081600000, 0x0000000081500000| Complete 
|  22|0x0000000081600000, 0x0000000081700000, 0x0000000081700000|100%|HS|  |TAMS 0x0000000081700000, 0x0000000081600000| Complete 
|  23|0x0000000081700000, 0x0000000081800000, 0x0000000081800000|100%|HC|  |TAMS 0x0000000081800000, 0x0000000081700000| Complete 
|  24|0x0000000081800000, 0x0000000081900000, 0x0000000081900000|100%|HC|  |TAMS 0x0000000081900000, 0x0000000081800000| Complete 
|  25|0x0000000081900000, 0x0000000081a00000, 0x0000000081a00000|100%|HC|  |TAMS 0x0000000081a00000, 0x0000000081900000| Complete 
|  26|0x0000000081a00000, 0x0000000081b00000, 0x0000000081b00000|100%|HC|  |TAMS 0x0000000081b00000, 0x0000000081a00000| Complete 
|  27|0x0000000081b00000, 0x0000000081c00000, 0x0000000081c00000|100%| O|  |TAMS 0x0000000081c00000, 0x0000000081b00000| Updating 
|  28|0x0000000081c00000, 0x0000000081d00000, 0x0000000081d00000|100%| O|  |TAMS 0x0000000081d00000, 0x0000000081c00000| Updating 
|  29|0x0000000081d00000, 0x0000000081e00000, 0x0000000081e00000|100%| O|  |TAMS 0x0000000081e00000, 0x0000000081d00000| Updating 
|  30|0x0000000081e00000, 0x0000000081f00000, 0x0000000081f00000|100%| O|  |TAMS 0x0000000081f00000, 0x0000000081e00000| Updating 
|  31|0x0000000081f00000, 0x0000000082000000, 0x0000000082000000|100%| O|  |TAMS 0x0000000082000000, 0x0000000081f00000| Updating 
|  32|0x0000000082000000, 0x0000000082100000, 0x0000000082100000|100%| O|  |TAMS 0x0000000082100000, 0x0000000082000000| Updating 
|  33|0x0000000082100000, 0x0000000082200000, 0x0000000082200000|100%| O|  |TAMS 0x0000000082200000, 0x0000000082100000| Updating 
|  34|0x0000000082200000, 0x0000000082300000, 0x0000000082300000|100%| O|  |TAMS 0x0000000082300000, 0x0000000082200000| Updating 
|  35|0x0000000082300000, 0x0000000082400000, 0x0000000082400000|100%| O|  |TAMS 0x0000000082400000, 0x0000000082300000| Updating 
|  36|0x0000000082400000, 0x0000000082500000, 0x0000000082500000|100%| O|  |TAMS 0x0000000082500000, 0x0000000082400000| Updating 
|  37|0x0000000082500000, 0x0000000082600000, 0x0000000082600000|100%| O|  |TAMS 0x0000000082600000, 0x0000000082500000| Updating 
|  38|0x0000000082600000, 0x0000000082700000, 0x0000000082700000|100%|HS|  |TAMS 0x0000000082700000, 0x0000000082600000| Complete 
|  39|0x0000000082700000, 0x0000000082800000, 0x0000000082800000|100%|HC|  |TAMS 0x0000000082800000, 0x0000000082700000| Complete 
|  40|0x0000000082800000, 0x0000000082900000, 0x0000000082900000|100%|HC|  |TAMS 0x0000000082900000, 0x0000000082800000| Complete 
|  41|0x0000000082900000, 0x0000000082a00000, 0x0000000082a00000|100%|HC|  |TAMS 0x0000000082a00000, 0x0000000082900000| Complete 
|  42|0x0000000082a00000, 0x0000000082b00000, 0x0000000082b00000|100%|HC|  |TAMS 0x0000000082b00000, 0x0000000082a00000| Complete 
|  43|0x0000000082b00000, 0x0000000082c00000, 0x0000000082c00000|100%| O|  |TAMS 0x0000000082c00000, 0x0000000082b00000| Updating 
|  44|0x0000000082c00000, 0x0000000082d00000, 0x0000000082d00000|100%|HS|  |TAMS 0x0000000082d00000, 0x0000000082c00000| Complete 
|  45|0x0000000082d00000, 0x0000000082e00000, 0x0000000082e00000|100%|HC|  |TAMS 0x0000000082e00000, 0x0000000082d00000| Complete 
|  46|0x0000000082e00000, 0x0000000082f00000, 0x0000000082f00000|100%|HC|  |TAMS 0x0000000082f00000, 0x0000000082e00000| Complete 
|  47|0x0000000082f00000, 0x0000000083000000, 0x0000000083000000|100%| O|  |TAMS 0x0000000083000000, 0x0000000082f00000| Updating 
|  48|0x0000000083000000, 0x0000000083100000, 0x0000000083100000|100%| O|  |TAMS 0x0000000083100000, 0x0000000083000000| Updating 
|  49|0x0000000083100000, 0x0000000083200000, 0x0000000083200000|100%| O|  |TAMS 0x0000000083200000, 0x0000000083100000| Updating 
|  50|0x0000000083200000, 0x0000000083300000, 0x0000000083300000|100%| O|  |TAMS 0x0000000083300000, 0x0000000083200000| Updating 
|  51|0x0000000083300000, 0x0000000083400000, 0x0000000083400000|100%| O|  |TAMS 0x0000000083400000, 0x0000000083300000| Updating 
|  52|0x0000000083400000, 0x0000000083500000, 0x0000000083500000|100%| O|  |TAMS 0x0000000083500000, 0x0000000083400000| Updating 
|  53|0x0000000083500000, 0x0000000083600000, 0x0000000083600000|100%| O|  |TAMS 0x0000000083600000, 0x0000000083500000| Updating 
|  54|0x0000000083600000, 0x0000000083700000, 0x0000000083700000|100%| O|  |TAMS 0x0000000083700000, 0x0000000083600000| Updating 
|  55|0x0000000083700000, 0x0000000083800000, 0x0000000083800000|100%| O|  |TAMS 0x0000000083800000, 0x0000000083700000| Updating 
|  56|0x0000000083800000, 0x0000000083900000, 0x0000000083900000|100%|HS|  |TAMS 0x0000000083900000, 0x0000000083800000| Complete 
|  57|0x0000000083900000, 0x0000000083a00000, 0x0000000083a00000|100%|HS|  |TAMS 0x0000000083a00000, 0x0000000083900000| Complete 
|  58|0x0000000083a00000, 0x0000000083b00000, 0x0000000083b00000|100%|HS|  |TAMS 0x0000000083b00000, 0x0000000083a00000| Complete 
|  59|0x0000000083b00000, 0x0000000083c00000, 0x0000000083c00000|100%|HC|  |TAMS 0x0000000083c00000, 0x0000000083b00000| Complete 
|  60|0x0000000083c00000, 0x0000000083d00000, 0x0000000083d00000|100%| O|  |TAMS 0x0000000083d00000, 0x0000000083c00000| Updating 
|  61|0x0000000083d00000, 0x0000000083e00000, 0x0000000083e00000|100%| O|  |TAMS 0x0000000083e00000, 0x0000000083d00000| Updating 
|  62|0x0000000083e00000, 0x0000000083f00000, 0x0000000083f00000|100%| O|  |TAMS 0x0000000083f00000, 0x0000000083e00000| Updating 
|  63|0x0000000083f00000, 0x0000000084000000, 0x0000000084000000|100%| O|  |TAMS 0x0000000084000000, 0x0000000083f00000| Updating 
|  64|0x0000000084000000, 0x0000000084100000, 0x0000000084100000|100%| O|  |TAMS 0x0000000084100000, 0x0000000084000000| Updating 
|  65|0x0000000084100000, 0x0000000084200000, 0x0000000084200000|100%| O|  |TAMS 0x0000000084200000, 0x0000000084100000| Updating 
|  66|0x0000000084200000, 0x0000000084300000, 0x0000000084300000|100%| O|  |TAMS 0x0000000084300000, 0x0000000084200000| Updating 
|  67|0x0000000084300000, 0x0000000084400000, 0x0000000084400000|100%| O|  |TAMS 0x0000000084400000, 0x0000000084300000| Updating 
|  68|0x0000000084400000, 0x0000000084500000, 0x0000000084500000|100%| O|  |TAMS 0x0000000084500000, 0x0000000084400000| Updating 
|  69|0x0000000084500000, 0x0000000084600000, 0x0000000084600000|100%| O|  |TAMS 0x0000000084600000, 0x0000000084500000| Updating 
|  70|0x0000000084600000, 0x0000000084700000, 0x0000000084700000|100%| O|  |TAMS 0x0000000084700000, 0x0000000084600000| Updating 
|  71|0x0000000084700000, 0x0000000084800000, 0x0000000084800000|100%| O|  |TAMS 0x0000000084800000, 0x0000000084700000| Updating 
|  72|0x0000000084800000, 0x0000000084900000, 0x0000000084900000|100%| O|  |TAMS 0x0000000084900000, 0x0000000084800000| Updating 
|  73|0x0000000084900000, 0x0000000084a00000, 0x0000000084a00000|100%| O|  |TAMS 0x0000000084a00000, 0x0000000084900000| Updating 
|  74|0x0000000084a00000, 0x0000000084b00000, 0x0000000084b00000|100%| O|  |TAMS 0x0000000084b00000, 0x0000000084a00000| Updating 
|  75|0x0000000084b00000, 0x0000000084c00000, 0x0000000084c00000|100%| O|  |TAMS 0x0000000084c00000, 0x0000000084b00000| Updating 
|  76|0x0000000084c00000, 0x0000000084d00000, 0x0000000084d00000|100%| O|  |TAMS 0x0000000084d00000, 0x0000000084c00000| Updating 
|  77|0x0000000084d00000, 0x0000000084e00000, 0x0000000084e00000|100%| O|  |TAMS 0x0000000084e00000, 0x0000000084d00000| Updating 
|  78|0x0000000084e00000, 0x0000000084f00000, 0x0000000084f00000|100%| O|  |TAMS 0x0000000084f00000, 0x0000000084e00000| Updating 
|  79|0x0000000084f00000, 0x0000000085000000, 0x0000000085000000|100%| O|  |TAMS 0x0000000085000000, 0x0000000084f00000| Updating 
|  80|0x0000000085000000, 0x0000000085100000, 0x0000000085100000|100%| O|  |TAMS 0x0000000085100000, 0x0000000085000000| Updating 
|  81|0x0000000085100000, 0x0000000085200000, 0x0000000085200000|100%| O|  |TAMS 0x0000000085200000, 0x0000000085100000| Updating 
|  82|0x0000000085200000, 0x0000000085300000, 0x0000000085300000|100%| O|  |TAMS 0x0000000085300000, 0x0000000085200000| Updating 
|  83|0x0000000085300000, 0x0000000085400000, 0x0000000085400000|100%| O|  |TAMS 0x0000000085400000, 0x0000000085300000| Updating 
|  84|0x0000000085400000, 0x0000000085500000, 0x0000000085500000|100%| O|  |TAMS 0x0000000085500000, 0x0000000085400000| Updating 
|  85|0x0000000085500000, 0x0000000085600000, 0x0000000085600000|100%| O|  |TAMS 0x0000000085600000, 0x0000000085500000| Updating 
|  86|0x0000000085600000, 0x0000000085700000, 0x0000000085700000|100%| O|  |TAMS 0x0000000085700000, 0x0000000085600000| Updating 
|  87|0x0000000085700000, 0x0000000085800000, 0x0000000085800000|100%| O|  |TAMS 0x0000000085800000, 0x0000000085700000| Updating 
|  88|0x0000000085800000, 0x0000000085900000, 0x0000000085900000|100%| O|  |TAMS 0x0000000085900000, 0x0000000085800000| Updating 
|  89|0x0000000085900000, 0x0000000085a00000, 0x0000000085a00000|100%| O|  |TAMS 0x0000000085a00000, 0x0000000085900000| Updating 
|  90|0x0000000085a00000, 0x0000000085b00000, 0x0000000085b00000|100%| O|  |TAMS 0x0000000085b00000, 0x0000000085a00000| Updating 
|  91|0x0000000085b00000, 0x0000000085c00000, 0x0000000085c00000|100%| O|  |TAMS 0x0000000085c00000, 0x0000000085b00000| Updating 
|  92|0x0000000085c00000, 0x0000000085d00000, 0x0000000085d00000|100%| O|  |TAMS 0x0000000085d00000, 0x0000000085c00000| Updating 
|  93|0x0000000085d00000, 0x0000000085e00000, 0x0000000085e00000|100%| O|  |TAMS 0x0000000085e00000, 0x0000000085d00000| Updating 
|  94|0x0000000085e00000, 0x0000000085f00000, 0x0000000085f00000|100%| O|  |TAMS 0x0000000085f00000, 0x0000000085e00000| Updating 
|  95|0x0000000085f00000, 0x0000000086000000, 0x0000000086000000|100%| O|  |TAMS 0x0000000086000000, 0x0000000085f00000| Updating 
|  96|0x0000000086000000, 0x0000000086100000, 0x0000000086100000|100%| O|  |TAMS 0x0000000086100000, 0x0000000086000000| Updating 
|  97|0x0000000086100000, 0x0000000086200000, 0x0000000086200000|100%| O|  |TAMS 0x0000000086200000, 0x0000000086100000| Updating 
|  98|0x0000000086200000, 0x0000000086300000, 0x0000000086300000|100%| O|  |TAMS 0x0000000086300000, 0x0000000086200000| Updating 
|  99|0x0000000086300000, 0x0000000086400000, 0x0000000086400000|100%| O|  |TAMS 0x0000000086400000, 0x0000000086300000| Updating 
| 100|0x0000000086400000, 0x0000000086500000, 0x0000000086500000|100%| O|  |TAMS 0x0000000086500000, 0x0000000086400000| Updating 
| 101|0x0000000086500000, 0x0000000086600000, 0x0000000086600000|100%| O|  |TAMS 0x0000000086600000, 0x0000000086500000| Updating 
| 102|0x0000000086600000, 0x0000000086689200, 0x0000000086700000| 53%| O|  |TAMS 0x0000000086689200, 0x0000000086600000| Updating 
| 103|0x0000000086700000, 0x0000000086700000, 0x0000000086800000|  0%| F|  |TAMS 0x0000000086700000, 0x0000000086700000| Untracked 
| 104|0x0000000086800000, 0x0000000086800000, 0x0000000086900000|  0%| F|  |TAMS 0x0000000086800000, 0x0000000086800000| Untracked 
| 105|0x0000000086900000, 0x0000000086900000, 0x0000000086a00000|  0%| F|  |TAMS 0x0000000086900000, 0x0000000086900000| Untracked 
| 106|0x0000000086a00000, 0x0000000086a00000, 0x0000000086b00000|  0%| F|  |TAMS 0x0000000086a00000, 0x0000000086a00000| Untracked 
| 107|0x0000000086b00000, 0x0000000086b00000, 0x0000000086c00000|  0%| F|  |TAMS 0x0000000086b00000, 0x0000000086b00000| Untracked 
| 108|0x0000000086c00000, 0x0000000086c00000, 0x0000000086d00000|  0%| F|  |TAMS 0x0000000086c00000, 0x0000000086c00000| Untracked 
| 109|0x0000000086d00000, 0x0000000086d00000, 0x0000000086e00000|  0%| F|  |TAMS 0x0000000086d00000, 0x0000000086d00000| Untracked 
| 110|0x0000000086e00000, 0x0000000086e00000, 0x0000000086f00000|  0%| F|  |TAMS 0x0000000086e00000, 0x0000000086e00000| Untracked 
| 111|0x0000000086f00000, 0x0000000086f00000, 0x0000000087000000|  0%| F|  |TAMS 0x0000000086f00000, 0x0000000086f00000| Untracked 
| 112|0x0000000087000000, 0x0000000087000000, 0x0000000087100000|  0%| F|  |TAMS 0x0000000087000000, 0x0000000087000000| Untracked 
| 113|0x0000000087100000, 0x0000000087100000, 0x0000000087200000|  0%| F|  |TAMS 0x0000000087100000, 0x0000000087100000| Untracked 
| 114|0x0000000087200000, 0x0000000087200000, 0x0000000087300000|  0%| F|  |TAMS 0x0000000087200000, 0x0000000087200000| Untracked 
| 115|0x0000000087300000, 0x0000000087300000, 0x0000000087400000|  0%| F|  |TAMS 0x0000000087300000, 0x0000000087300000| Untracked 
| 116|0x0000000087400000, 0x0000000087400000, 0x0000000087500000|  0%| F|  |TAMS 0x0000000087400000, 0x0000000087400000| Untracked 
| 117|0x0000000087500000, 0x0000000087500000, 0x0000000087600000|  0%| F|  |TAMS 0x0000000087500000, 0x0000000087500000| Untracked 
| 118|0x0000000087600000, 0x0000000087600000, 0x0000000087700000|  0%| F|  |TAMS 0x0000000087600000, 0x0000000087600000| Untracked 
| 119|0x0000000087700000, 0x0000000087700000, 0x0000000087800000|  0%| F|  |TAMS 0x0000000087700000, 0x0000000087700000| Untracked 
| 120|0x0000000087800000, 0x0000000087800000, 0x0000000087900000|  0%| F|  |TAMS 0x0000000087800000, 0x0000000087800000| Untracked 
| 121|0x0000000087900000, 0x0000000087900000, 0x0000000087a00000|  0%| F|  |TAMS 0x0000000087900000, 0x0000000087900000| Untracked 
| 122|0x0000000087a00000, 0x0000000087a00000, 0x0000000087b00000|  0%| F|  |TAMS 0x0000000087a00000, 0x0000000087a00000| Untracked 
| 123|0x0000000087b00000, 0x0000000087b00000, 0x0000000087c00000|  0%| F|  |TAMS 0x0000000087b00000, 0x0000000087b00000| Untracked 
| 124|0x0000000087c00000, 0x0000000087c00000, 0x0000000087d00000|  0%| F|  |TAMS 0x0000000087c00000, 0x0000000087c00000| Untracked 
| 125|0x0000000087d00000, 0x0000000087d00000, 0x0000000087e00000|  0%| F|  |TAMS 0x0000000087d00000, 0x0000000087d00000| Untracked 
| 126|0x0000000087e00000, 0x0000000087e00000, 0x0000000087f00000|  0%| F|  |TAMS 0x0000000087e00000, 0x0000000087e00000| Untracked 
| 127|0x0000000087f00000, 0x0000000087f00000, 0x0000000088000000|  0%| F|  |TAMS 0x0000000087f00000, 0x0000000087f00000| Untracked 
| 128|0x0000000088000000, 0x0000000088000000, 0x0000000088100000|  0%| F|  |TAMS 0x0000000088000000, 0x0000000088000000| Untracked 
| 129|0x0000000088100000, 0x0000000088100000, 0x0000000088200000|  0%| F|  |TAMS 0x0000000088100000, 0x0000000088100000| Untracked 
| 130|0x0000000088200000, 0x0000000088200000, 0x0000000088300000|  0%| F|  |TAMS 0x0000000088200000, 0x0000000088200000| Untracked 
| 131|0x0000000088300000, 0x0000000088300000, 0x0000000088400000|  0%| F|  |TAMS 0x0000000088300000, 0x0000000088300000| Untracked 
| 132|0x0000000088400000, 0x0000000088400000, 0x0000000088500000|  0%| F|  |TAMS 0x0000000088400000, 0x0000000088400000| Untracked 
| 133|0x0000000088500000, 0x0000000088500000, 0x0000000088600000|  0%| F|  |TAMS 0x0000000088500000, 0x0000000088500000| Untracked 
| 134|0x0000000088600000, 0x0000000088600000, 0x0000000088700000|  0%| F|  |TAMS 0x0000000088600000, 0x0000000088600000| Untracked 
| 135|0x0000000088700000, 0x0000000088700000, 0x0000000088800000|  0%| F|  |TAMS 0x0000000088700000, 0x0000000088700000| Untracked 
| 136|0x0000000088800000, 0x0000000088800000, 0x0000000088900000|  0%| F|  |TAMS 0x0000000088800000, 0x0000000088800000| Untracked 
| 137|0x0000000088900000, 0x0000000088900000, 0x0000000088a00000|  0%| F|  |TAMS 0x0000000088900000, 0x0000000088900000| Untracked 
| 138|0x0000000088a00000, 0x0000000088a00000, 0x0000000088b00000|  0%| F|  |TAMS 0x0000000088a00000, 0x0000000088a00000| Untracked 
| 139|0x0000000088b00000, 0x0000000088b00000, 0x0000000088c00000|  0%| F|  |TAMS 0x0000000088b00000, 0x0000000088b00000| Untracked 
| 140|0x0000000088c00000, 0x0000000088c00000, 0x0000000088d00000|  0%| F|  |TAMS 0x0000000088c00000, 0x0000000088c00000| Untracked 
| 141|0x0000000088d00000, 0x0000000088d00000, 0x0000000088e00000|  0%| F|  |TAMS 0x0000000088d00000, 0x0000000088d00000| Untracked 
| 142|0x0000000088e00000, 0x0000000088e00000, 0x0000000088f00000|  0%| F|  |TAMS 0x0000000088e00000, 0x0000000088e00000| Untracked 
| 143|0x0000000088f00000, 0x0000000088f00000, 0x0000000089000000|  0%| F|  |TAMS 0x0000000088f00000, 0x0000000088f00000| Untracked 
| 144|0x0000000089000000, 0x0000000089000000, 0x0000000089100000|  0%| F|  |TAMS 0x0000000089000000, 0x0000000089000000| Untracked 
| 145|0x0000000089100000, 0x0000000089100000, 0x0000000089200000|  0%| F|  |TAMS 0x0000000089100000, 0x0000000089100000| Untracked 
| 146|0x0000000089200000, 0x0000000089200000, 0x0000000089300000|  0%| F|  |TAMS 0x0000000089200000, 0x0000000089200000| Untracked 
| 147|0x0000000089300000, 0x0000000089300000, 0x0000000089400000|  0%| F|  |TAMS 0x0000000089300000, 0x0000000089300000| Untracked 
| 148|0x0000000089400000, 0x0000000089400000, 0x0000000089500000|  0%| F|  |TAMS 0x0000000089400000, 0x0000000089400000| Untracked 
| 149|0x0000000089500000, 0x0000000089500000, 0x0000000089600000|  0%| F|  |TAMS 0x0000000089500000, 0x0000000089500000| Untracked 
| 150|0x0000000089600000, 0x0000000089600000, 0x0000000089700000|  0%| F|  |TAMS 0x0000000089600000, 0x0000000089600000| Untracked 
| 151|0x0000000089700000, 0x0000000089700000, 0x0000000089800000|  0%| F|  |TAMS 0x0000000089700000, 0x0000000089700000| Untracked 
| 152|0x0000000089800000, 0x0000000089800000, 0x0000000089900000|  0%| F|  |TAMS 0x0000000089800000, 0x0000000089800000| Untracked 
| 153|0x0000000089900000, 0x0000000089900000, 0x0000000089a00000|  0%| F|  |TAMS 0x0000000089900000, 0x0000000089900000| Untracked 
| 154|0x0000000089a00000, 0x0000000089a00000, 0x0000000089b00000|  0%| F|  |TAMS 0x0000000089a00000, 0x0000000089a00000| Untracked 
| 155|0x0000000089b00000, 0x0000000089b00000, 0x0000000089c00000|  0%| F|  |TAMS 0x0000000089b00000, 0x0000000089b00000| Untracked 
| 156|0x0000000089c00000, 0x0000000089c00000, 0x0000000089d00000|  0%| F|  |TAMS 0x0000000089c00000, 0x0000000089c00000| Untracked 
| 157|0x0000000089d00000, 0x0000000089d00000, 0x0000000089e00000|  0%| F|  |TAMS 0x0000000089d00000, 0x0000000089d00000| Untracked 
| 158|0x0000000089e00000, 0x0000000089e00000, 0x0000000089f00000|  0%| F|  |TAMS 0x0000000089e00000, 0x0000000089e00000| Untracked 
| 159|0x0000000089f00000, 0x0000000089f00000, 0x000000008a000000|  0%| F|  |TAMS 0x0000000089f00000, 0x0000000089f00000| Untracked 
| 160|0x000000008a000000, 0x000000008a000000, 0x000000008a100000|  0%| F|  |TAMS 0x000000008a000000, 0x000000008a000000| Untracked 
| 161|0x000000008a100000, 0x000000008a100000, 0x000000008a200000|  0%| F|  |TAMS 0x000000008a100000, 0x000000008a100000| Untracked 
| 162|0x000000008a200000, 0x000000008a200000, 0x000000008a300000|  0%| F|  |TAMS 0x000000008a200000, 0x000000008a200000| Untracked 
| 163|0x000000008a300000, 0x000000008a300000, 0x000000008a400000|  0%| F|  |TAMS 0x000000008a300000, 0x000000008a300000| Untracked 
| 164|0x000000008a400000, 0x000000008a400000, 0x000000008a500000|  0%| F|  |TAMS 0x000000008a400000, 0x000000008a400000| Untracked 
| 165|0x000000008a500000, 0x000000008a500000, 0x000000008a600000|  0%| F|  |TAMS 0x000000008a500000, 0x000000008a500000| Untracked 
| 166|0x000000008a600000, 0x000000008a600000, 0x000000008a700000|  0%| F|  |TAMS 0x000000008a600000, 0x000000008a600000| Untracked 
| 167|0x000000008a700000, 0x000000008a700000, 0x000000008a800000|  0%| F|  |TAMS 0x000000008a700000, 0x000000008a700000| Untracked 
| 168|0x000000008a800000, 0x000000008a800000, 0x000000008a900000|  0%| F|  |TAMS 0x000000008a800000, 0x000000008a800000| Untracked 
| 169|0x000000008a900000, 0x000000008a900000, 0x000000008aa00000|  0%| F|  |TAMS 0x000000008a900000, 0x000000008a900000| Untracked 
| 170|0x000000008aa00000, 0x000000008aa00000, 0x000000008ab00000|  0%| F|  |TAMS 0x000000008aa00000, 0x000000008aa00000| Untracked 
| 171|0x000000008ab00000, 0x000000008ab00000, 0x000000008ac00000|  0%| F|  |TAMS 0x000000008ab00000, 0x000000008ab00000| Untracked 
| 172|0x000000008ac00000, 0x000000008ac00000, 0x000000008ad00000|  0%| F|  |TAMS 0x000000008ac00000, 0x000000008ac00000| Untracked 
| 173|0x000000008ad00000, 0x000000008ad00000, 0x000000008ae00000|  0%| F|  |TAMS 0x000000008ad00000, 0x000000008ad00000| Untracked 
| 174|0x000000008ae00000, 0x000000008ae00000, 0x000000008af00000|  0%| F|  |TAMS 0x000000008ae00000, 0x000000008ae00000| Untracked 
| 175|0x000000008af00000, 0x000000008af00000, 0x000000008b000000|  0%| F|  |TAMS 0x000000008af00000, 0x000000008af00000| Untracked 
| 176|0x000000008b000000, 0x000000008b000000, 0x000000008b100000|  0%| F|  |TAMS 0x000000008b000000, 0x000000008b000000| Untracked 
| 177|0x000000008b100000, 0x000000008b100000, 0x000000008b200000|  0%| F|  |TAMS 0x000000008b100000, 0x000000008b100000| Untracked 
| 178|0x000000008b200000, 0x000000008b200000, 0x000000008b300000|  0%| F|  |TAMS 0x000000008b200000, 0x000000008b200000| Untracked 
| 179|0x000000008b300000, 0x000000008b300000, 0x000000008b400000|  0%| F|  |TAMS 0x000000008b300000, 0x000000008b300000| Untracked 
| 180|0x000000008b400000, 0x000000008b400000, 0x000000008b500000|  0%| F|  |TAMS 0x000000008b400000, 0x000000008b400000| Untracked 
| 181|0x000000008b500000, 0x000000008b500000, 0x000000008b600000|  0%| F|  |TAMS 0x000000008b500000, 0x000000008b500000| Untracked 
| 182|0x000000008b600000, 0x000000008b600000, 0x000000008b700000|  0%| F|  |TAMS 0x000000008b600000, 0x000000008b600000| Untracked 
| 183|0x000000008b700000, 0x000000008b700000, 0x000000008b800000|  0%| F|  |TAMS 0x000000008b700000, 0x000000008b700000| Untracked 
| 184|0x000000008b800000, 0x000000008b800000, 0x000000008b900000|  0%| F|  |TAMS 0x000000008b800000, 0x000000008b800000| Untracked 
| 185|0x000000008b900000, 0x000000008b900000, 0x000000008ba00000|  0%| F|  |TAMS 0x000000008b900000, 0x000000008b900000| Untracked 
| 186|0x000000008ba00000, 0x000000008ba00000, 0x000000008bb00000|  0%| F|  |TAMS 0x000000008ba00000, 0x000000008ba00000| Untracked 
| 187|0x000000008bb00000, 0x000000008bb00000, 0x000000008bc00000|  0%| F|  |TAMS 0x000000008bb00000, 0x000000008bb00000| Untracked 
| 188|0x000000008bc00000, 0x000000008bc00000, 0x000000008bd00000|  0%| F|  |TAMS 0x000000008bc00000, 0x000000008bc00000| Untracked 
| 189|0x000000008bd00000, 0x000000008bd00000, 0x000000008be00000|  0%| F|  |TAMS 0x000000008bd00000, 0x000000008bd00000| Untracked 
| 190|0x000000008be00000, 0x000000008be00000, 0x000000008bf00000|  0%| F|  |TAMS 0x000000008be00000, 0x000000008be00000| Untracked 
| 191|0x000000008bf00000, 0x000000008bf00000, 0x000000008c000000|  0%| F|  |TAMS 0x000000008bf00000, 0x000000008bf00000| Untracked 
| 192|0x000000008c000000, 0x000000008c000000, 0x000000008c100000|  0%| F|  |TAMS 0x000000008c000000, 0x000000008c000000| Untracked 
| 193|0x000000008c100000, 0x000000008c100000, 0x000000008c200000|  0%| F|  |TAMS 0x000000008c100000, 0x000000008c100000| Untracked 
| 194|0x000000008c200000, 0x000000008c200000, 0x000000008c300000|  0%| F|  |TAMS 0x000000008c200000, 0x000000008c200000| Untracked 
| 195|0x000000008c300000, 0x000000008c300000, 0x000000008c400000|  0%| F|  |TAMS 0x000000008c300000, 0x000000008c300000| Untracked 
| 196|0x000000008c400000, 0x000000008c400000, 0x000000008c500000|  0%| F|  |TAMS 0x000000008c400000, 0x000000008c400000| Untracked 
| 197|0x000000008c500000, 0x000000008c500000, 0x000000008c600000|  0%| F|  |TAMS 0x000000008c500000, 0x000000008c500000| Untracked 
| 198|0x000000008c600000, 0x000000008c600000, 0x000000008c700000|  0%| F|  |TAMS 0x000000008c600000, 0x000000008c600000| Untracked 
| 199|0x000000008c700000, 0x000000008c700000, 0x000000008c800000|  0%| F|  |TAMS 0x000000008c700000, 0x000000008c700000| Untracked 
| 200|0x000000008c800000, 0x000000008c800000, 0x000000008c900000|  0%| F|  |TAMS 0x000000008c800000, 0x000000008c800000| Untracked 
| 201|0x000000008c900000, 0x000000008c900000, 0x000000008ca00000|  0%| F|  |TAMS 0x000000008c900000, 0x000000008c900000| Untracked 
| 202|0x000000008ca00000, 0x000000008ca00000, 0x000000008cb00000|  0%| F|  |TAMS 0x000000008ca00000, 0x000000008ca00000| Untracked 
| 203|0x000000008cb00000, 0x000000008cb00000, 0x000000008cc00000|  0%| F|  |TAMS 0x000000008cb00000, 0x000000008cb00000| Untracked 
| 204|0x000000008cc00000, 0x000000008cc00000, 0x000000008cd00000|  0%| F|  |TAMS 0x000000008cc00000, 0x000000008cc00000| Untracked 
| 205|0x000000008cd00000, 0x000000008cd00000, 0x000000008ce00000|  0%| F|  |TAMS 0x000000008cd00000, 0x000000008cd00000| Untracked 
| 206|0x000000008ce00000, 0x000000008ce00000, 0x000000008cf00000|  0%| F|  |TAMS 0x000000008ce00000, 0x000000008ce00000| Untracked 
| 207|0x000000008cf00000, 0x000000008cf1e3f8, 0x000000008d000000| 11%| S|CS|TAMS 0x000000008cf00000, 0x000000008cf00000| Complete 
| 208|0x000000008d000000, 0x000000008d100000, 0x000000008d100000|100%| S|CS|TAMS 0x000000008d000000, 0x000000008d000000| Complete 
| 209|0x000000008d100000, 0x000000008d100000, 0x000000008d200000|  0%| F|  |TAMS 0x000000008d100000, 0x000000008d100000| Untracked 
| 210|0x000000008d200000, 0x000000008d28dc48, 0x000000008d300000| 55%| E|  |TAMS 0x000000008d200000, 0x000000008d200000| Complete 
| 211|0x000000008d300000, 0x000000008d400000, 0x000000008d400000|100%| E|CS|TAMS 0x000000008d300000, 0x000000008d300000| Complete 
| 212|0x000000008d400000, 0x000000008d500000, 0x000000008d500000|100%| E|CS|TAMS 0x000000008d400000, 0x000000008d400000| Complete 

Card table byte_map: [0x0000029c342b0000,0x0000029c346b0000] _byte_map_base: 0x0000029c33eb0000

Marking Bits (Prev, Next): (CMBitMap*) 0x0000029c210d7440, (CMBitMap*) 0x0000029c210d7408
 Prev Bits: [0x0000029c36ab0000, 0x0000029c38ab0000)
 Next Bits: [0x0000029c34ab0000, 0x0000029c36ab0000)

Polling page: 0x0000029c1efb0000

Metaspace:

Usage:
  Non-class:     87.56 MB capacity,    85.89 MB ( 98%) used,     1.39 MB (  2%) free+waste,   287.81 KB ( <1%) overhead. 
      Class:     13.62 MB capacity,    12.65 MB ( 93%) used,   861.52 KB (  6%) free+waste,   134.63 KB ( <1%) overhead. 
       Both:    101.18 MB capacity,    98.53 MB ( 97%) used,     2.23 MB (  2%) free+waste,   422.44 KB ( <1%) overhead. 

Virtual space:
  Non-class space:       90.00 MB reserved,      88.17 MB ( 98%) committed 
      Class space:        1.00 GB reserved,      13.95 MB (  1%) committed 
             Both:        1.09 GB reserved,     102.12 MB (  9%) committed 

Chunk freelists:
   Non-Class:  462.00 KB
       Class:  262.00 KB
        Both:  724.00 KB

MaxMetaspaceSize: 17179869184.00 GB
CompressedClassSpaceSize: 1.00 GB

CodeHeap 'non-profiled nmethods': size=120000Kb used=5466Kb max_used=5466Kb free=114533Kb
 bounds [0x0000029c2c650000, 0x0000029c2cbb0000, 0x0000029c33b80000]
CodeHeap 'profiled nmethods': size=120000Kb used=22806Kb max_used=22806Kb free=97193Kb
 bounds [0x0000029c25120000, 0x0000029c26770000, 0x0000029c2c650000]
CodeHeap 'non-nmethods': size=5760Kb used=2329Kb max_used=2380Kb free=3430Kb
 bounds [0x0000029c24b80000, 0x0000029c24df0000, 0x0000029c25120000]
 total_blobs=12165 nmethods=11219 adapters=857
 compilation: enabled
              stopped_count=0, restarted_count=0
 full_count=0

Compilation events (20 events):
Event: 733.432 Thread 0x0000029c3b4e9800 nmethod 11510 0x0000029c2cb9f790 code [0x0000029c2cb9f980, 0x0000029c2cb9fe90]
Event: 733.432 Thread 0x0000029c3b4e9800 11511       4       org.codehaus.groovy.runtime.metaclass.MetaMethodIndex::copyNonPrivateNonNewMetaMethods (171 bytes)
Event: 733.455 Thread 0x0000029c3b4e9800 nmethod 11511 0x0000029c2cba0290 code [0x0000029c2cba0480, 0x0000029c2cba09d0]
Event: 733.557 Thread 0x0000029c3b4e9800 11512       4       java.lang.invoke.DirectMethodHandle$Holder::invokeStatic (18 bytes)
Event: 733.558 Thread 0x0000029c3b4e9800 nmethod 11512 0x0000029c2cba0e10 code [0x0000029c2cba0fc0, 0x0000029c2cba1088]
Event: 733.878 Thread 0x0000029c3b4e9800 11513       4       java.util.TreeMap$PrivateEntryIterator::nextEntry (54 bytes)
Event: 733.883 Thread 0x0000029c3b4e9800 nmethod 11513 0x0000029c2cba1190 code [0x0000029c2cba1320, 0x0000029c2cba15d8]
Event: 733.965 Thread 0x0000029c3b4e9800 11514       4       org.codehaus.groovy.util.SingleKeyHashMap::getOrPut (137 bytes)
Event: 734.017 Thread 0x0000029c3b4f0000 11515       3       org.codehaus.groovy.util.SingleKeyHashMap::get (67 bytes)
Event: 734.055 Thread 0x0000029c3b4f0000 nmethod 11515 0x0000029c26760c10 code [0x0000029c26760e20, 0x0000029c26761498]
Event: 734.062 Thread 0x0000029c3b4e9800 nmethod 11514 0x0000029c2cba1790 code [0x0000029c2cba1960, 0x0000029c2cba2518]
Event: 734.062 Thread 0x0000029c3b4e9800 11516       4       groovy.lang.MetaClassImpl::makeReplacementMetaProperty (241 bytes)
Event: 734.179 Thread 0x0000029c3b4e9800 nmethod 11516 0x0000029c2cba2990 code [0x0000029c2cba2c00, 0x0000029c2cba4ef0]
Event: 734.179 Thread 0x0000029c3b4e9800 11517       4       org.gradle.internal.service.DefaultServiceRegistry::find (142 bytes)
Event: 734.184 Thread 0x0000029c3b4e9800 nmethod 11517 0x0000029c2cba5a10 code [0x0000029c2cba5c20, 0x0000029c2cba6150]
Event: 818.676 Thread 0x0000029c3b4e9800 11518       4       java.lang.Class::getMethod (59 bytes)
Event: 819.791 Thread 0x0000029c3b4f0000 11521       3       java.io.FilterInputStream::close (8 bytes)
Event: 819.813 Thread 0x0000029c3b4f0000 nmethod 11521 0x0000029c26761710 code [0x0000029c267618c0, 0x0000029c26761a88]
Event: 820.200 Thread 0x0000029c3b4f0000 11523       3       java.io.BufferedInputStream::close (44 bytes)
Event: 820.274 Thread 0x0000029c3b4f0000 nmethod 11523 0x0000029c26761b90 code [0x0000029c26761d60, 0x0000029c26762148]

GC Heap History (20 events):
Event: 13.861 GC heap before
{Heap before GC invocations=49 (full 0):
 garbage-first heap   total 169984K, used 116171K [0x0000000080000000, 0x0000000100000000)
  region size 1024K, 46 young (47104K), 3 survivors (3072K)
 Metaspace       used 64643K, capacity 66388K, committed 66636K, reserved 1107968K
  class space    used 8214K, capacity 8795K, committed 8832K, reserved 1048576K
}
Event: 13.867 GC heap after
{Heap after GC invocations=50 (full 0):
 garbage-first heap   total 169984K, used 75894K [0x0000000080000000, 0x0000000100000000)
  region size 1024K, 6 young (6144K), 6 survivors (6144K)
 Metaspace       used 64643K, capacity 66388K, committed 66636K, reserved 1107968K
  class space    used 8214K, capacity 8795K, committed 8832K, reserved 1048576K
}
Event: 14.228 GC heap before
{Heap before GC invocations=50 (full 0):
 garbage-first heap   total 169984K, used 120950K [0x0000000080000000, 0x0000000100000000)
  region size 1024K, 50 young (51200K), 6 survivors (6144K)
 Metaspace       used 67170K, capacity 68954K, committed 69196K, reserved 1110016K
  class space    used 8607K, capacity 9224K, committed 9344K, reserved 1048576K
}
Event: 14.237 GC heap after
{Heap after GC invocations=51 (full 0):
 garbage-first heap   total 169984K, used 79738K [0x0000000080000000, 0x0000000100000000)
  region size 1024K, 5 young (5120K), 5 survivors (5120K)
 Metaspace       used 67170K, capacity 68954K, committed 69196K, reserved 1110016K
  class space    used 8607K, capacity 9224K, committed 9344K, reserved 1048576K
}
Event: 14.737 GC heap before
{Heap before GC invocations=51 (full 0):
 garbage-first heap   total 169984K, used 124794K [0x0000000080000000, 0x0000000100000000)
  region size 1024K, 49 young (50176K), 5 survivors (5120K)
 Metaspace       used 71598K, capacity 73423K, committed 73676K, reserved 1114112K
  class space    used 9307K, capacity 9962K, committed 9984K, reserved 1048576K
}
Event: 14.746 GC heap after
{Heap after GC invocations=52 (full 0):
 garbage-first heap   total 218112K, used 82131K [0x0000000080000000, 0x0000000100000000)
  region size 1024K, 3 young (3072K), 3 survivors (3072K)
 Metaspace       used 71598K, capacity 73423K, committed 73676K, reserved 1114112K
  class space    used 9307K, capacity 9962K, committed 9984K, reserved 1048576K
}
Event: 15.558 GC heap before
{Heap before GC invocations=52 (full 0):
 garbage-first heap   total 218112K, used 141523K [0x0000000080000000, 0x0000000100000000)
  region size 1024K, 61 young (62464K), 3 survivors (3072K)
 Metaspace       used 75351K, capacity 77421K, committed 77644K, reserved 1116160K
  class space    used 9815K, capacity 10536K, committed 10624K, reserved 1048576K
}
Event: 15.564 GC heap after
{Heap after GC invocations=53 (full 0):
 garbage-first heap   total 218112K, used 85617K [0x0000000080000000, 0x0000000100000000)
  region size 1024K, 6 young (6144K), 6 survivors (6144K)
 Metaspace       used 75351K, capacity 77421K, committed 77644K, reserved 1116160K
  class space    used 9815K, capacity 10536K, committed 10624K, reserved 1048576K
}
Event: 16.286 GC heap before
{Heap before GC invocations=53 (full 0):
 garbage-first heap   total 218112K, used 157297K [0x0000000080000000, 0x0000000100000000)
  region size 1024K, 77 young (78848K), 6 survivors (6144K)
 Metaspace       used 83544K, capacity 85618K, committed 85676K, reserved 1124352K
  class space    used 10806K, capacity 11509K, committed 11520K, reserved 1048576K
}
Event: 16.297 GC heap after
{Heap after GC invocations=54 (full 0):
 garbage-first heap   total 218112K, used 89972K [0x0000000080000000, 0x0000000100000000)
  region size 1024K, 8 young (8192K), 8 survivors (8192K)
 Metaspace       used 83544K, capacity 85618K, committed 85676K, reserved 1124352K
  class space    used 10806K, capacity 11509K, committed 11520K, reserved 1048576K
}
Event: 17.173 GC heap before
{Heap before GC invocations=55 (full 0):
 garbage-first heap   total 218112K, used 164724K [0x0000000080000000, 0x0000000100000000)
  region size 1024K, 81 young (82944K), 8 survivors (8192K)
 Metaspace       used 89791K, capacity 92398K, committed 92536K, reserved 1128448K
  class space    used 11690K, capacity 12651K, committed 12748K, reserved 1048576K
}
Event: 17.192 GC heap after
{Heap after GC invocations=56 (full 0):
 garbage-first heap   total 218112K, used 96301K [0x0000000080000000, 0x0000000100000000)
  region size 1024K, 11 young (11264K), 11 survivors (11264K)
 Metaspace       used 89791K, capacity 92398K, committed 92536K, reserved 1128448K
  class space    used 11690K, capacity 12651K, committed 12748K, reserved 1048576K
}
Event: 18.526 GC heap before
{Heap before GC invocations=57 (full 0):
 garbage-first heap   total 218112K, used 169005K [0x0000000080000000, 0x0000000100000000)
  region size 1024K, 83 young (84992K), 11 survivors (11264K)
 Metaspace       used 94723K, capacity 97378K, committed 97656K, reserved 1134592K
  class space    used 12283K, capacity 13229K, committed 13260K, reserved 1048576K
}
Event: 18.544 GC heap after
{Heap after GC invocations=58 (full 0):
 garbage-first heap   total 218112K, used 101449K [0x0000000080000000, 0x0000000100000000)
  region size 1024K, 6 young (6144K), 6 survivors (6144K)
 Metaspace       used 94723K, capacity 97378K, committed 97656K, reserved 1134592K
  class space    used 12283K, capacity 13229K, committed 13260K, reserved 1048576K
}
Event: 19.230 GC heap before
{Heap before GC invocations=58 (full 0):
 garbage-first heap   total 218112K, used 174153K [0x0000000080000000, 0x0000000100000000)
  region size 1024K, 78 young (79872K), 6 survivors (6144K)
 Metaspace       used 95610K, capacity 98206K, committed 98296K, reserved 1134592K
  class space    used 12355K, capacity 13322K, committed 13388K, reserved 1048576K
}
Event: 19.236 GC heap after
{Heap after GC invocations=59 (full 0):
 garbage-first heap   total 218112K, used 102244K [0x0000000080000000, 0x0000000100000000)
  region size 1024K, 6 young (6144K), 6 survivors (6144K)
 Metaspace       used 95610K, capacity 98206K, committed 98296K, reserved 1134592K
  class space    used 12355K, capacity 13322K, committed 13388K, reserved 1048576K
}
Event: 602.903 GC heap before
{Heap before GC invocations=59 (full 0):
 garbage-first heap   total 218112K, used 178020K [0x0000000080000000, 0x0000000100000000)
  region size 1024K, 80 young (81920K), 6 survivors (6144K)
 Metaspace       used 101234K, capacity 104211K, committed 104312K, reserved 1138688K
  class space    used 13079K, capacity 14186K, committed 14284K, reserved 1048576K
}
Event: 603.543 GC heap after
{Heap after GC invocations=60 (full 0):
 garbage-first heap   total 218112K, used 105377K [0x0000000080000000, 0x0000000100000000)
  region size 1024K, 6 young (6144K), 6 survivors (6144K)
 Metaspace       used 101234K, capacity 104211K, committed 104312K, reserved 1138688K
  class space    used 13079K, capacity 14186K, committed 14284K, reserved 1048576K
}
Event: 732.217 GC heap before
{Heap before GC invocations=60 (full 0):
 garbage-first heap   total 218112K, used 109473K [0x0000000080000000, 0x0000000100000000)
  region size 1024K, 10 young (10240K), 6 survivors (6144K)
 Metaspace       used 101317K, capacity 104298K, committed 104568K, reserved 1140736K
  class space    used 13084K, capacity 14190K, committed 14284K, reserved 1048576K
}
Event: 732.533 GC heap after
{Heap after GC invocations=61 (full 0):
 garbage-first heap   total 218112K, used 106141K [0x0000000080000000, 0x0000000100000000)
  region size 1024K, 2 young (2048K), 2 survivors (2048K)
 Metaspace       used 101317K, capacity 104298K, committed 104568K, reserved 1140736K
  class space    used 13084K, capacity 14190K, committed 14284K, reserved 1048576K
}

Deoptimization events (20 events):
Event: 530.808 Thread 0x0000029c3cee0800 Uncommon trap: trap_request=0xffffffde fr.pc=0x0000029c2cb730a8 relative=0x0000000000000108
Event: 530.808 Thread 0x0000029c3cee0800 Uncommon trap: reason=class_check action=maybe_recompile pc=0x0000029c2cb730a8 method=jdk.internal.misc.Unsafe.allocateUninitializedArray(Ljava/lang/Class;I)Ljava/lang/Object; @ 48 c2
Event: 530.808 Thread 0x0000029c3cee0800 DEOPT PACKING pc=0x0000029c2cb730a8 sp=0x000000e0253fe7b0
Event: 530.905 Thread 0x0000029c3cee0800 DEOPT UNPACKING pc=0x0000029c24ba78af sp=0x000000e0253fe738 mode 2
Event: 603.715 Thread 0x0000029c3b4c5800 Uncommon trap: trap_request=0xffffffde fr.pc=0x0000029c2c929c74 relative=0x0000000000000c54
Event: 603.734 Thread 0x0000029c3b4c5800 Uncommon trap: reason=class_check action=maybe_recompile pc=0x0000029c2c929c74 method=java.lang.ThreadLocal.setInitialValue()Ljava/lang/Object; @ 31 c2
Event: 603.734 Thread 0x0000029c3b4c5800 DEOPT PACKING pc=0x0000029c2c929c74 sp=0x000000e0249fee80
Event: 603.734 Thread 0x0000029c3b4c5800 DEOPT UNPACKING pc=0x0000029c24ba78af sp=0x000000e0249fedd0 mode 2
Event: 729.687 Thread 0x0000029c3d18d800 Uncommon trap: trap_request=0xffffffde fr.pc=0x0000029c2cb71bb0 relative=0x00000000000015f0
Event: 729.687 Thread 0x0000029c3d18d800 Uncommon trap: reason=class_check action=maybe_recompile pc=0x0000029c2cb71bb0 method=sun.management.spi.PlatformMBeanProvider$PlatformComponent.getMBeans(Ljava/lang/Class;)Ljava/util/List; @ 26 c2
Event: 729.687 Thread 0x0000029c3d18d800 DEOPT PACKING pc=0x0000029c2cb71bb0 sp=0x000000e0258fe760
Event: 729.712 Thread 0x0000029c3d18d800 DEOPT UNPACKING pc=0x0000029c24ba78af sp=0x000000e0258fe728 mode 2
Event: 729.790 Thread 0x0000029c3d18d800 Uncommon trap: trap_request=0xffffffdc fr.pc=0x0000029c2cb2a8ec relative=0x00000000000002ac
Event: 729.790 Thread 0x0000029c3d18d800 Uncommon trap: reason=class_check action=make_not_entrant pc=0x0000029c2cb2a8ec method=java.util.ArrayList.toArray([Ljava/lang/Object;)[Ljava/lang/Object; @ 21 c2
Event: 729.790 Thread 0x0000029c3d18d800 DEOPT PACKING pc=0x0000029c2cb2a8ec sp=0x000000e0258fe180
Event: 729.790 Thread 0x0000029c3d18d800 DEOPT UNPACKING pc=0x0000029c24ba78af sp=0x000000e0258fe150 mode 2
Event: 730.020 Thread 0x0000029c3d18d800 Uncommon trap: trap_request=0xffffff4d fr.pc=0x0000029c2ca9fbf8 relative=0x00000000000004d8
Event: 730.020 Thread 0x0000029c3d18d800 Uncommon trap: reason=unstable_if action=reinterpret pc=0x0000029c2ca9fbf8 method=org.gradle.cache.internal.DefaultCrossBuildInMemoryCacheFactory$AbstractCrossBuildInMemoryCache.getIfPresentWithoutLock(Ljava/lang/Object;)Ljava/lang/Object; @ 24 c2
Event: 730.020 Thread 0x0000029c3d18d800 DEOPT PACKING pc=0x0000029c2ca9fbf8 sp=0x000000e0258fd620
Event: 730.020 Thread 0x0000029c3d18d800 DEOPT UNPACKING pc=0x0000029c24ba78af sp=0x000000e0258fd5c8 mode 2

Classes redefined (0 events):
No events

Internal exceptions (20 events):
Event: 17.337 Thread 0x0000029c3f92d000 Exception <a 'sun/nio/fs/WindowsException'{0x000000008c633e38}> (0x000000008c633e38) thrown at [./src/hotspot/share/prims/jni.cpp, line 615]
Event: 18.295 Thread 0x0000029c3f74f800 Exception <a 'sun/nio/fs/WindowsException'{0x0000000089b63208}> (0x0000000089b63208) thrown at [./src/hotspot/share/prims/jni.cpp, line 615]
Event: 19.063 Thread 0x0000029c3f754000 Exception <a 'sun/nio/fs/WindowsException'{0x0000000089896bc0}> (0x0000000089896bc0) thrown at [./src/hotspot/share/prims/jni.cpp, line 615]
Event: 19.268 Thread 0x0000029c3f92d000 Exception <a 'java/lang/NoSuchMethodError'{0x000000008d4e45b0}: 'int java.lang.invoke.DirectMethodHandle$Holder.invokeSpecialIFC(java.lang.Object, java.lang.Object, java.lang.Object)'> (0x000000008d4e45b0) thrown at [./src/hotspot/share/interpreter/linkResolver.cpp, line 773]
Event: 22.503 Thread 0x0000029c3f92d000 Exception <a 'java/lang/NoSuchMethodError'{0x000000008bd4e2a8}: 'java.lang.Object java.lang.invoke.DirectMethodHandle$Holder.invokeStatic(java.lang.Object, java.lang.Object, java.lang.Object, java.lang.Object, java.lang.Object, java.lang.Object, java.lang.Object, java.lang.Object, java.lang.Object, java.lang.Object, java.lang.Object, java.lang.Object, java.lang.Object, java.lang.Object, java.lang.Object, java.lang.Object, java.lang.Object, java.lang.Object, int, java.lang.Object)'> (0x000000008bd4e2a8) thr
Event: 22.503 Thread 0x0000029c3f92d000 Exception <a 'java/lang/NoSuchMethodError'{0x000000008bd545d8}: 'java.lang.Object java.lang.invoke.DirectMethodHandle$Holder.invokeStaticInit(java.lang.Object, java.lang.Object, java.lang.Object, java.lang.Object, java.lang.Object, java.lang.Object, java.lang.Object, java.lang.Object, java.lang.Object, java.lang.Object, java.lang.Object, java.lang.Object, java.lang.Object, java.lang.Object, java.lang.Object, java.lang.Object, java.lang.Object, java.lang.Object, int, java.lang.Object)'> (0x000000008bd545d8)
Event: 22.527 Thread 0x0000029c3f92d000 Exception <a 'java/lang/NoSuchMethodError'{0x000000008bb5af10}: 'int java.lang.invoke.DirectMethodHandle$Holder.invokeVirtual(java.lang.Object, java.lang.Object, java.lang.Object, java.lang.Object)'> (0x000000008bb5af10) thrown at [./src/hotspot/share/interpreter/linkResolver.cpp, line 773]
Event: 22.565 Thread 0x0000029c3f92d000 Exception <a 'java/lang/NoSuchMethodError'{0x000000008b82ea18}: 'java.lang.Object java.lang.invoke.DirectMethodHandle$Holder.invokeStatic(java.lang.Object, int, java.lang.Object, java.lang.Object)'> (0x000000008b82ea18) thrown at [./src/hotspot/share/interpreter/linkResolver.cpp, line 773]
Event: 22.715 Thread 0x0000029c3f92d000 Implicit null exception at 0x0000029c2c9686f4 to 0x0000029c2c968d10
Event: 23.360 Thread 0x0000029c3f92d000 Exception <a 'java/lang/NoSuchMethodError'{0x0000000089fc6098}: <clinit>> (0x0000000089fc6098) thrown at [./src/hotspot/share/prims/jni.cpp, line 1362]
Event: 23.409 Thread 0x0000029c3f8d7800 Exception <a 'java/lang/NoSuchMethodError'{0x0000000089a0d0a8}: <clinit>> (0x0000000089a0d0a8) thrown at [./src/hotspot/share/prims/jni.cpp, line 1362]
Event: 23.412 Thread 0x0000029c3f8d7800 Exception <a 'java/lang/NoSuchMethodError'{0x0000000089a2ac30}: <clinit>> (0x0000000089a2ac30) thrown at [./src/hotspot/share/prims/jni.cpp, line 1362]
Event: 23.415 Thread 0x0000029c3f8d7800 Exception <a 'java/lang/NoSuchMethodError'{0x0000000089a3a9b0}: <clinit>> (0x0000000089a3a9b0) thrown at [./src/hotspot/share/prims/jni.cpp, line 1362]
Event: 23.419 Thread 0x0000029c3f92d000 Exception <a 'java/lang/NoSuchMethodError'{0x0000000089bd8c98}: 'java.lang.Object java.lang.invoke.Invokers$Holder.linkToTargetMethod(java.lang.Object, java.lang.Object, java.lang.Object, int, java.lang.Object, java.lang.Object)'> (0x0000000089bd8c98) thrown at [./src/hotspot/share/interpreter/linkResolver.cpp, line 773]
Event: 23.425 Thread 0x0000029c3f92d000 Exception <a 'java/lang/NoSuchMethodError'{0x0000000089a5a3b8}: 'int java.lang.invoke.DirectMethodHandle$Holder.invokeVirtual(java.lang.Object, java.lang.Object, java.lang.Object)'> (0x0000000089a5a3b8) thrown at [./src/hotspot/share/interpreter/linkResolver.cpp, line 773]
Event: 23.425 Thread 0x0000029c3f92d000 Exception <a 'java/lang/IncompatibleClassChangeError'{0x0000000089a63650}: Found class java.lang.Object, but interface was expected> (0x0000000089a63650) thrown at [./src/hotspot/share/interpreter/linkResolver.cpp, line 839]
Event: 32.560 Thread 0x0000029c3d042000 Implicit null exception at 0x0000029c2c94ec77 to 0x0000029c2c94f264
Event: 729.445 Thread 0x0000029c3d191000 Exception <a 'java/lang/NoSuchMethodError'{0x000000008d2b6550}: <clinit>> (0x000000008d2b6550) thrown at [./src/hotspot/share/prims/jni.cpp, line 1362]
Event: 733.572 Thread 0x0000029c3d18d800 Exception <a 'java/lang/ClassNotFoundException'{0x000000008d4ee430}: settings_780p4greqtzwe6n8ejo9jtnvqBeanInfo> (0x000000008d4ee430) thrown at [./src/hotspot/share/classfile/systemDictionary.cpp, line 231]
Event: 733.573 Thread 0x0000029c3d18d800 Exception <a 'java/lang/ClassNotFoundException'{0x000000008d4f9da0}: settings_780p4greqtzwe6n8ejo9jtnvqCustomizer> (0x000000008d4f9da0) thrown at [./src/hotspot/share/classfile/systemDictionary.cpp, line 231]

Events (20 events):
Event: 733.878 Executing VM operation: RevokeBias done
Event: 734.188 loading class groovy/runtime/metaclass/settings_780p4greqtzwe6n8ejo9jtnvq$_run_closure1MetaClass
Event: 734.188 loading class groovy/runtime/metaclass/settings_780p4greqtzwe6n8ejo9jtnvq$_run_closure1MetaClass done
Event: 734.347 Executing VM operation: CGC_Operation
Event: 817.575 Executing VM operation: CGC_Operation done
Event: 818.016 Executing VM operation: RevokeBias
Event: 819.654 Loaded shared library C:\Program Files\Android\Android Studio\jre\bin\zip.dll
Event: 819.723 Executing coalesced safepoint VM operation: RevokeBias
Event: 819.723 Executing coalesced safepoint VM operation: RevokeBias done
Event: 819.723 Executing VM operation: RevokeBias done
Event: 819.731 Thread 0x0000029c3d18e800 Thread exited: 0x0000029c3d18e800
Event: 820.456 Executing VM operation: RevokeBias
Event: 820.613 Executing VM operation: RevokeBias done
Event: 820.614 Executing VM operation: RevokeBias
Event: 821.081 Executing VM operation: RevokeBias done
Event: 821.081 Executing VM operation: RevokeBias
Event: 821.602 Executing VM operation: RevokeBias done
Event: 821.602 Executing VM operation: RevokeBias
Event: 822.084 Executing VM operation: RevokeBias done
Event: 822.115 Executing VM operation: RevokeBias


Dynamic libraries:
0x00007ff6e85e0000 - 0x00007ff6e85ea000 	C:\Program Files\Android\Android Studio\jre\bin\java.exe
0x00007ffc94230000 - 0x00007ffc94425000 	C:\WINDOWS\SYSTEM32\ntdll.dll
0x00007ffc6acf0000 - 0x00007ffc6ad06000 	C:\Program Files\AVAST Software\Avast\aswhook.dll
0x00007ffc93000000 - 0x00007ffc930be000 	C:\WINDOWS\System32\KERNEL32.DLL
0x00007ffc91c40000 - 0x00007ffc91f08000 	C:\WINDOWS\System32\KERNELBASE.dll
0x00007ffc91970000 - 0x00007ffc91a70000 	C:\WINDOWS\System32\ucrtbase.dll
0x00007ffc74760000 - 0x00007ffc74779000 	C:\Program Files\Android\Android Studio\jre\bin\jli.dll
0x00007ffc807b0000 - 0x00007ffc807c7000 	C:\Program Files\Android\Android Studio\jre\bin\VCRUNTIME140.dll
0x00007ffc93930000 - 0x00007ffc93ad1000 	C:\WINDOWS\System32\USER32.dll
0x00007ffc90ce0000 - 0x00007ffc90f7a000 	C:\WINDOWS\WinSxS\amd64_microsoft.windows.common-controls_6595b64144ccf1df_6.0.19041.1110_none_60b5254171f9507e\COMCTL32.dll
0x00007ffc91b10000 - 0x00007ffc91b32000 	C:\WINDOWS\System32\win32u.dll
0x00007ffc93400000 - 0x00007ffc9349e000 	C:\WINDOWS\System32\msvcrt.dll
0x00007ffc92f30000 - 0x00007ffc92f5b000 	C:\WINDOWS\System32\GDI32.dll
0x00007ffc920d0000 - 0x00007ffc921dd000 	C:\WINDOWS\System32\gdi32full.dll
0x00007ffc91a70000 - 0x00007ffc91b0d000 	C:\WINDOWS\System32\msvcp_win.dll
0x00007ffc93310000 - 0x00007ffc93340000 	C:\WINDOWS\System32\IMM32.DLL
0x00007ffc5da10000 - 0x00007ffc5daad000 	C:\Program Files\Android\Android Studio\jre\bin\msvcp140.dll
0x00007ffc47940000 - 0x00007ffc4840f000 	C:\Program Files\Android\Android Studio\jre\bin\server\jvm.dll
0x00007ffc92420000 - 0x00007ffc924cc000 	C:\WINDOWS\System32\ADVAPI32.dll
0x00007ffc92f60000 - 0x00007ffc92ffb000 	C:\WINDOWS\System32\sechost.dll
0x00007ffc92e00000 - 0x00007ffc92f2a000 	C:\WINDOWS\System32\RPCRT4.dll
0x00007ffc93b40000 - 0x00007ffc93b48000 	C:\WINDOWS\System32\PSAPI.DLL
0x00007ffc73d30000 - 0x00007ffc73d57000 	C:\WINDOWS\SYSTEM32\WINMM.dll
0x00007ffc803d0000 - 0x00007ffc803d9000 	C:\WINDOWS\SYSTEM32\WSOCK32.dll
0x00007ffc8b130000 - 0x00007ffc8b13a000 	C:\WINDOWS\SYSTEM32\VERSION.dll
0x00007ffc93bb0000 - 0x00007ffc93c1b000 	C:\WINDOWS\System32\WS2_32.dll
0x00007ffc8f1e0000 - 0x00007ffc8f1f2000 	C:\WINDOWS\SYSTEM32\kernel.appcore.dll
0x00007ffc867e0000 - 0x00007ffc867f1000 	C:\Program Files\Android\Android Studio\jre\bin\verify.dll
0x00007ffc91260000 - 0x00007ffc91444000 	C:\WINDOWS\SYSTEM32\DBGHELP.DLL
0x00007ffc91090000 - 0x00007ffc910bc000 	C:\WINDOWS\SYSTEM32\dbgcore.DLL
0x00007ffc921e0000 - 0x00007ffc92262000 	C:\WINDOWS\System32\bcryptPrimitives.dll
0x00007ffc867b0000 - 0x00007ffc867d9000 	C:\Program Files\Android\Android Studio\jre\bin\java.dll
0x00007ffc8af70000 - 0x00007ffc8af7b000 	C:\Program Files\Android\Android Studio\jre\bin\jimage.dll
0x00007ffc81db0000 - 0x00007ffc81dc8000 	C:\Program Files\Android\Android Studio\jre\bin\zip.dll
0x00007ffc924d0000 - 0x00007ffc92c14000 	C:\WINDOWS\System32\SHELL32.dll
0x00007ffc8f3e0000 - 0x00007ffc8fb74000 	C:\WINDOWS\SYSTEM32\windows.storage.dll
0x00007ffc93e90000 - 0x00007ffc941e5000 	C:\WINDOWS\System32\combase.dll
0x00007ffc90c40000 - 0x00007ffc90c6e000 	C:\WINDOWS\SYSTEM32\Wldp.dll
0x00007ffc93c20000 - 0x00007ffc93ccd000 	C:\WINDOWS\System32\SHCORE.dll
0x00007ffc92da0000 - 0x00007ffc92df5000 	C:\WINDOWS\System32\shlwapi.dll
0x00007ffc91880000 - 0x00007ffc9189f000 	C:\WINDOWS\SYSTEM32\profapi.dll
0x00007ffc81d90000 - 0x00007ffc81daa000 	C:\Program Files\Android\Android Studio\jre\bin\net.dll
0x00007ffc85c70000 - 0x00007ffc85d7c000 	C:\WINDOWS\SYSTEM32\WINHTTP.dll
0x00007ffc90930000 - 0x00007ffc9099a000 	C:\WINDOWS\system32\mswsock.dll
0x00007ffc81d70000 - 0x00007ffc81d84000 	C:\Program Files\Android\Android Studio\jre\bin\nio.dll
0x00007ffc66f30000 - 0x00007ffc66f57000 	C:\Users\vikvi\.gradle\native\8bec1ad78214c89d9ad589b4d07fe93259594b29d510b10fafb7a158f7737e5d\windows-amd64\native-platform.dll
0x00007ffc53830000 - 0x00007ffc5396d000 	C:\Users\vikvi\.gradle\native\53dbd7edfb1c66fb8903c78663c9afc45aea4f116125fa6feffd364cf09443e8\windows-amd64\native-platform-file-events.dll
0x00007ffc89f90000 - 0x00007ffc89f9a000 	C:\Program Files\Android\Android Studio\jre\bin\management.dll
0x00007ffc89ab0000 - 0x00007ffc89abc000 	C:\Program Files\Android\Android Studio\jre\bin\management_ext.dll
0x00007ffc915f0000 - 0x00007ffc91608000 	C:\WINDOWS\SYSTEM32\CRYPTSP.dll
0x00007ffc90340000 - 0x00007ffc90374000 	C:\WINDOWS\system32\rsaenh.dll
0x00007ffc91940000 - 0x00007ffc91967000 	C:\WINDOWS\System32\bcrypt.dll
0x00007ffc91840000 - 0x00007ffc9186e000 	C:\WINDOWS\SYSTEM32\USERENV.dll
0x00007ffc90b60000 - 0x00007ffc90b6c000 	C:\WINDOWS\SYSTEM32\CRYPTBASE.dll
0x00007ffc90660000 - 0x00007ffc9069b000 	C:\WINDOWS\SYSTEM32\IPHLPAPI.DLL
0x00007ffc934a0000 - 0x00007ffc934a8000 	C:\WINDOWS\System32\NSI.dll
0x00007ffc89b90000 - 0x00007ffc89ba7000 	C:\WINDOWS\SYSTEM32\dhcpcsvc6.DLL
0x00007ffc89ad0000 - 0x00007ffc89aed000 	C:\WINDOWS\SYSTEM32\dhcpcsvc.DLL
0x00007ffc906a0000 - 0x00007ffc9076b000 	C:\WINDOWS\SYSTEM32\DNSAPI.dll
0x00007ffc82280000 - 0x00007ffc822a7000 	C:\Program Files\Android\Android Studio\jre\bin\sunec.dll
0x00007ffc915b0000 - 0x00007ffc915e3000 	C:\WINDOWS\SYSTEM32\ntmarta.dll
0x00007ffc81a20000 - 0x00007ffc81a2a000 	C:\Windows\System32\rasadhlp.dll
0x00007ffc81800000 - 0x00007ffc8187f000 	C:\WINDOWS\System32\fwpuclnt.dll

dbghelp: loaded successfully - version: 4.0.5 - missing functions: none
symbol engine: initialized successfully - sym options: 0x614 - pdb path: .;C:\Program Files\Android\Android Studio\jre\bin;C:\WINDOWS\SYSTEM32;C:\Program Files\AVAST Software\Avast;C:\WINDOWS\WinSxS\amd64_microsoft.windows.common-controls_6595b64144ccf1df_6.0.19041.1110_none_60b5254171f9507e;C:\Program Files\Android\Android Studio\jre\bin\server;C:\Users\vikvi\.gradle\native\8bec1ad78214c89d9ad589b4d07fe93259594b29d510b10fafb7a158f7737e5d\windows-amd64;C:\Users\vikvi\.gradle\native\53dbd7edfb1c66fb8903c78663c9afc45aea4f116125fa6feffd364cf09443e8\windows-amd64

VM Arguments:
jvm_args: --add-opens=java.base/java.util=ALL-UNNAMED --add-opens=java.base/java.lang=ALL-UNNAMED --add-opens=java.base/java.lang.invoke=ALL-UNNAMED --add-opens=java.base/java.util=ALL-UNNAMED --add-opens=java.prefs/java.util.prefs=ALL-UNNAMED --add-opens=java.prefs/java.util.prefs=ALL-UNNAMED --add-opens=java.base/java.nio.charset=ALL-UNNAMED --add-opens=java.base/java.net=ALL-UNNAMED --add-opens=java.base/java.util.concurrent.atomic=ALL-UNNAMED -Xmx2048m -Dfile.encoding=UTF-8 -Duser.country=US -Duser.language=en -Duser.variant 
java_command: org.gradle.launcher.daemon.bootstrap.GradleDaemon 7.0.2
java_class_path (initial): C:\Users\vikvi\.gradle\wrapper\dists\gradle-7.0.2-bin\857tjihv64xamwrf0h14cai3r\gradle-7.0.2\lib\gradle-launcher-7.0.2.jar
Launcher Type: SUN_STANDARD

[Global flags]
     intx CICompilerCount                          = 4                                         {product} {ergonomic}
     uint ConcGCThreads                            = 2                                         {product} {ergonomic}
     uint G1ConcRefinementThreads                  = 8                                         {product} {ergonomic}
   size_t G1HeapRegionSize                         = 1048576                                   {product} {ergonomic}
    uintx GCDrainStackTargetSize                   = 64                                        {product} {ergonomic}
   size_t InitialHeapSize                          = 67108864                                  {product} {ergonomic}
   size_t MarkStackSize                            = 4194304                                   {product} {ergonomic}
   size_t MaxHeapSize                              = 2147483648                                {product} {command line}
   size_t MaxNewSize                               = 1287651328                                {product} {ergonomic}
   size_t MinHeapDeltaBytes                        = 1048576                                   {product} {ergonomic}
    uintx NonNMethodCodeHeapSize                   = 5836300                                {pd product} {ergonomic}
    uintx NonProfiledCodeHeapSize                  = 122910970                              {pd product} {ergonomic}
    uintx ProfiledCodeHeapSize                     = 122910970                              {pd product} {ergonomic}
    uintx ReservedCodeCacheSize                    = 251658240                              {pd product} {ergonomic}
     bool SegmentedCodeCache                       = true                                      {product} {ergonomic}
     bool UseCompressedClassPointers               = true                                 {lp64_product} {ergonomic}
     bool UseCompressedOops                        = true                                 {lp64_product} {ergonomic}
     bool UseG1GC                                  = true                                      {product} {ergonomic}
     bool UseLargePagesIndividualAllocation        = false                                  {pd product} {ergonomic}

Logging:
Log output configuration:
 #0: stdout all=warning uptime,level,tags
 #1: stderr all=off uptime,level,tags

Environment Variables:
JAVA_HOME=C:\Program Files\Java\jdk-15.0.1
PATH=C:\Program Files\Common Files\Oracle\Java\javapath;C:\Program Files (x86)\Common Files\Oracle\Java\javapath;C:\WINDOWS\system32;C:\WINDOWS;C:\WINDOWS\System32\Wbem;C:\WINDOWS\System32\WindowsPowerShell\v1.0\;C:\WINDOWS\System32\OpenSSH\;C:\Program Files\Microsoft SQL Server\130\Tools\Binn\;C:\Program Files\nodejs\;C:\Program Files\Java\jdk-15.0.1\bin;C:\Program Files\Git\cmd;C:\Program Files (x86)\sbt\bin;C:\Users\vikvi\AppData\Local\Programs\Python\Python38-32\Scripts\;C:\Users\vikvi\AppData\Local\Programs\Python\Python38-32\;C:\Users\vikvi\AppData\Local\Microsoft\WindowsApps;;C:\Users\vikvi\AppData\Local\Programs\Microsoft VS Code\bin;C:\Users\vikvi\AppData\Roaming\npm;C:\Program Files\JetBrains\IntelliJ IDEA Community Edition 2020.2.3\bin;;C:\Program Files\heroku\bin
USERNAME=vikvi
OS=Windows_NT
PROCESSOR_IDENTIFIER=Intel64 Family 6 Model 142 Stepping 10, GenuineIntel



---------------  S Y S T E M  ---------------

OS: Windows 10 , 64 bit Build 19041 (10.0.19041.1348)
OS uptime: 0 days 0:22 hours

CPU:total 8 (initial active 8) (4 cores per cpu, 2 threads per core) family 6 model 142 stepping 10 microcode 0xb4, cmov, cx8, fxsr, mmx, sse, sse2, sse3, ssse3, sse4.1, sse4.2, popcnt, avx, avx2, aes, clmul, erms, 3dnowpref, lzcnt, ht, tsc, tscinvbit, bmi1, bmi2, adx, fma

Memory: 4k page, system-wide physical 4004M (279M free)
TotalPageFile size 8356M (AvailPageFile size 3M)
current process WorkingSet (physical memory assigned to process): 179M, peak: 389M
current process commit charge ("private bytes"): 491M, peak: 508M

vm_info: OpenJDK 64-Bit Server VM (11.0.10+0-b96-7249189) for windows-amd64 JRE (11.0.10+0-b96-7249189), built on Mar 31 2021 21:44:00 by "builder" with MS VC++ 14.0 (VS2015)

END.
